d:\motionblur\jihoonmotionblur\motion blur code\x64\debug\effects_in_dx11.pch
d:\motionblur\jihoonmotionblur\motion blur code\x64\debug\vc120.pdb
d:\motionblur\jihoonmotionblur\motion blur code\x64\debug\dxut.obj
d:\motionblur\jihoonmotionblur\motion blur code\x64\debug\ults.obj
d:\motionblur\jihoonmotionblur\motion blur code\x64\debug\sceneanimator.obj
d:\motionblur\jihoonmotionblur\motion blur code\x64\debug\canimationcontroller.obj
d:\motionblur\jihoonmotionblur\motion blur code\x64\debug\animevaluator.obj
d:\motionblur\jihoonmotionblur\motion blur code\x64\debug\animation.obj
d:\motionblur\jihoonmotionblur\motion blur code\x64\debug\effects_in_dx11.obj
d:\motionblur\jihoonmotionblur\motion blur code\x64\debug\sdkmisc.obj
d:\motionblur\jihoonmotionblur\motion blur code\x64\debug\sdkmesh.obj
d:\motionblur\jihoonmotionblur\motion blur code\x64\debug\dxutsettingsdlg.obj
d:\motionblur\jihoonmotionblur\motion blur code\x64\debug\dxutres.obj
d:\motionblur\jihoonmotionblur\motion blur code\x64\debug\dxutgui.obj
d:\motionblur\jihoonmotionblur\motion blur code\x64\debug\dxutcamera.obj
d:\motionblur\jihoonmotionblur\motion blur code\x64\debug\dxutmisc.obj
d:\motionblur\jihoonmotionblur\motion blur code\x64\debug\dxutdevice9.obj
d:\motionblur\jihoonmotionblur\motion blur code\x64\debug\dxutdevice11.obj
d:\motionblur\jihoonmotionblur\motion blur code\x64\debug\rendertextureclass.obj
d:\motionblur\jihoonmotionblur - 복사본\motion blur code\x64\debug\effects_in_dx11.pch
d:\motionblur\jihoonmotionblur - 복사본\motion blur code\x64\debug\vc120.pdb
d:\motionblur\jihoonmotionblur - 복사본\motion blur code\x64\debug\dxut.obj
d:\motionblur\jihoonmotionblur - 복사본\motion blur code\x64\debug\ults.obj
d:\motionblur\jihoonmotionblur - 복사본\motion blur code\x64\debug\sceneanimator.obj
d:\motionblur\jihoonmotionblur - 복사본\motion blur code\x64\debug\canimationcontroller.obj
d:\motionblur\jihoonmotionblur - 복사본\motion blur code\x64\debug\animevaluator.obj
d:\motionblur\jihoonmotionblur - 복사본\motion blur code\x64\debug\animation.obj
d:\motionblur\jihoonmotionblur - 복사본\motion blur code\x64\debug\effects_in_dx11.obj
d:\motionblur\jihoonmotionblur - 복사본\motion blur code\x64\debug\sdkmisc.obj
d:\motionblur\jihoonmotionblur - 복사본\motion blur code\x64\debug\sdkmesh.obj
d:\motionblur\jihoonmotionblur - 복사본\motion blur code\x64\debug\dxutsettingsdlg.obj
d:\motionblur\jihoonmotionblur - 복사본\motion blur code\x64\debug\dxutres.obj
d:\motionblur\jihoonmotionblur - 복사본\motion blur code\x64\debug\dxutgui.obj
d:\motionblur\jihoonmotionblur - 복사본\motion blur code\x64\debug\dxutcamera.obj
d:\motionblur\jihoonmotionblur - 복사본\motion blur code\x64\debug\dxutmisc.obj
d:\motionblur\jihoonmotionblur - 복사본\motion blur code\x64\debug\dxutdevice9.obj
d:\motionblur\jihoonmotionblur - 복사본\motion blur code\x64\debug\dxutdevice11.obj
d:\motionblur\jihoonmotionblur - 복사본\motion blur code\x64\debug\rendertextureclass.obj
d:\motionblur\jihoonmotionblur\motion blur code\x64\debug\effects_in_dx11.ilk
d:\motionblur\jihoonmotionblur\motion blur code\x64\debug\effects_in_dx11.exe
d:\motionblur\jihoonmotionblur\motion blur code\x64\debug\effects_in_dx11.pdb
d:\motionblur\jihoonmotionblur - 복사본\motion blur code\x64\debug\effects_in_dx11.ilk
d:\motionblur\jihoonmotionblur - 복사본\motion blur code\x64\debug\effects_in_dx11.exe
d:\motionblur\jihoonmotionblur - 복사본\motion blur code\x64\debug\effects_in_dx11.pdb
d:\motionblur\jihoonmotionblur\motion blur code\x64\debug\simplesample.res
d:\motionblur\jihoonmotionblur - 복사본\motion blur code\x64\debug\simplesample.res
d:\motionblur\jihoonmotionblur - 복사본\motion blur code\x64\debug\effects_in_dx11.tlog\cl.command.1.tlog
d:\motionblur\jihoonmotionblur - 복사본\motion blur code\x64\debug\effects_in_dx11.tlog\cl.read.1.tlog
d:\motionblur\jihoonmotionblur - 복사본\motion blur code\x64\debug\effects_in_dx11.tlog\cl.write.1.tlog
d:\motionblur\jihoonmotionblur - 복사본\motion blur code\x64\debug\effects_in_dx11.tlog\link.command.1.tlog
d:\motionblur\jihoonmotionblur - 복사본\motion blur code\x64\debug\effects_in_dx11.tlog\link.read.1.tlog
d:\motionblur\jihoonmotionblur - 복사본\motion blur code\x64\debug\effects_in_dx11.tlog\link.write.1.tlog
d:\motionblur\jihoonmotionblur - 복사본\motion blur code\x64\debug\effects_in_dx11.tlog\rc.command.1.tlog
d:\motionblur\jihoonmotionblur - 복사본\motion blur code\x64\debug\effects_in_dx11.tlog\rc.read.1.tlog
d:\motionblur\jihoonmotionblur - 복사본\motion blur code\x64\debug\effects_in_dx11.tlog\rc.write.1.tlog
