c:\users\cg_lab\downloads\dx11\dx11_shadowmap\x64\debug\dx11_shadowmap.pch
c:\users\cg_lab\downloads\dx11\dx11_shadowmap\x64\debug\vc142.pdb
c:\users\cg_lab\downloads\dx11\dx11_shadowmap\x64\debug\vc142.idb
c:\users\cg_lab\downloads\dx11\dx11_shadowmap\x64\debug\stdafx.obj
c:\users\cg_lab\downloads\dx11\dx11_shadowmap\x64\debug\shadowshaderclass.obj
c:\users\cg_lab\downloads\dx11\dx11_shadowmap\x64\debug\textureclass.obj
c:\users\cg_lab\downloads\dx11\dx11_shadowmap\x64\debug\systemclass.obj
c:\users\cg_lab\downloads\dx11\dx11_shadowmap\x64\debug\rendertextureclass.obj
c:\users\cg_lab\downloads\dx11\dx11_shadowmap\x64\debug\modelclass.obj
c:\users\cg_lab\downloads\dx11\dx11_shadowmap\x64\debug\depthshaderclass.obj
c:\users\cg_lab\downloads\dx11\dx11_shadowmap\x64\debug\lightclass.obj
c:\users\cg_lab\downloads\dx11\dx11_shadowmap\x64\debug\inputclass.obj
c:\users\cg_lab\downloads\dx11\dx11_shadowmap\x64\debug\graphicsclass.obj
c:\users\cg_lab\downloads\dx11\dx11_shadowmap\x64\debug\dx11_shadowmap.obj
c:\users\cg_lab\downloads\dx11\dx11_shadowmap\x64\debug\debugwindowclass.obj
c:\users\cg_lab\downloads\dx11\dx11_shadowmap\x64\debug\d3dclass.obj
c:\users\cg_lab\downloads\dx11\dx11_shadowmap\x64\debug\cameraclass.obj
c:\users\cg_lab\downloads\dx11\dx11_shadowmap\x64\debug\depth_ps.cso
c:\users\cg_lab\downloads\dx11\dx11_shadowmap\x64\debug\depth_vs.cso
c:\users\cg_lab\downloads\dx11\dx11_shadowmap\x64\debug\shadow_ps.cso
c:\users\cg_lab\downloads\dx11\dx11_shadowmap\x64\debug\dx11_shadowmap.exe
c:\users\cg_lab\downloads\dx11\dx11_shadowmap\x64\debug\dx11_shadowmap.ilk
c:\users\cg_lab\downloads\dx11\dx11_shadowmap\x64\debug\dx11_shadowmap.pdb
c:\users\cg_lab\downloads\dx11\dx11_shadowmap\x64\debug\dx11_shadowmap.tlog\cl.command.1.tlog
c:\users\cg_lab\downloads\dx11\dx11_shadowmap\x64\debug\dx11_shadowmap.tlog\cl.read.1.tlog
c:\users\cg_lab\downloads\dx11\dx11_shadowmap\x64\debug\dx11_shadowmap.tlog\cl.write.1.tlog
c:\users\cg_lab\downloads\dx11\dx11_shadowmap\x64\debug\dx11_shadowmap.tlog\fxc.command.1.tlog
c:\users\cg_lab\downloads\dx11\dx11_shadowmap\x64\debug\dx11_shadowmap.tlog\fxc.read.1.tlog
c:\users\cg_lab\downloads\dx11\dx11_shadowmap\x64\debug\dx11_shadowmap.tlog\fxc.write.1.tlog
c:\users\cg_lab\downloads\dx11\dx11_shadowmap\x64\debug\dx11_shadowmap.tlog\link.command.1.tlog
c:\users\cg_lab\downloads\dx11\dx11_shadowmap\x64\debug\dx11_shadowmap.tlog\link.read.1.tlog
c:\users\cg_lab\downloads\dx11\dx11_shadowmap\x64\debug\dx11_shadowmap.tlog\link.write.1.tlog
