c:\users\cg_lab\desktop\data\2019_motionblur\dxut_motionblur\dynamicshaderlinkagefx11\debug\vc142.pdb
c:\users\cg_lab\desktop\data\2019_motionblur\dxut_motionblur\dynamicshaderlinkagefx11\debug\vc142.idb
c:\users\cg_lab\desktop\data\2019_motionblur\dxut_motionblur\dynamicshaderlinkagefx11\debug\rendertextureclass.obj
c:\users\cg_lab\desktop\data\2019_motionblur\dxut_motionblur\dynamicshaderlinkagefx11\debug\renderedobjectclass.obj
c:\users\cg_lab\desktop\data\2019_motionblur\dxut_motionblur\dynamicshaderlinkagefx11\debug\ults.obj
c:\users\cg_lab\desktop\data\2019_motionblur\dxut_motionblur\dynamicshaderlinkagefx11\debug\sceneanimator.obj
c:\users\cg_lab\desktop\data\2019_motionblur\dxut_motionblur\dynamicshaderlinkagefx11\debug\canimationcontroller.obj
c:\users\cg_lab\desktop\data\2019_motionblur\dxut_motionblur\dynamicshaderlinkagefx11\debug\animevaluator.obj
c:\users\cg_lab\desktop\data\2019_motionblur\dxut_motionblur\dynamicshaderlinkagefx11\debug\animation.obj
c:\users\cg_lab\desktop\data\2019_motionblur\dxut_motionblur\dynamicshaderlinkagefx11\debug\dynamicshaderlinkagefx11.pch
c:\users\cg_lab\desktop\data\2019_motionblur\dxut_motionblur\dynamicshaderlinkagefx11\debug\dynamicshaderlinkagefx11.obj
c:\users\cg_lab\desktop\data\2019_motionblur\dxut_motionblur\dynamicshaderlinkagefx11\debug\dynamicshaderlinkagefx11.exe
c:\users\cg_lab\desktop\data\2019_motionblur\dxut_motionblur\dynamicshaderlinkagefx11\debug\dynamicshaderlinkagefx11.ilk
c:\users\cg_lab\desktop\data\2019_motionblur\dxut_motionblur\dynamicshaderlinkagefx11\debug\dynamicshaderlinkagefx11.pdb
c:\users\cg_lab\desktop\data\2019_motionblur\dxut_motionblur\dynamicshaderlinkagefx11\debug\dynamicshaderlinkagefx11.res
c:\users\cg_lab\desktop\data\2019_motionblur\dxut_motionblur\dynamicshaderlinkagefx11\debug\dynamics.d3d11101.tlog\cl.command.1.tlog
c:\users\cg_lab\desktop\data\2019_motionblur\dxut_motionblur\dynamicshaderlinkagefx11\debug\dynamics.d3d11101.tlog\cl.read.1.tlog
c:\users\cg_lab\desktop\data\2019_motionblur\dxut_motionblur\dynamicshaderlinkagefx11\debug\dynamics.d3d11101.tlog\cl.write.1.tlog
c:\users\cg_lab\desktop\data\2019_motionblur\dxut_motionblur\dynamicshaderlinkagefx11\debug\dynamics.d3d11101.tlog\fxc.command.1.tlog
c:\users\cg_lab\desktop\data\2019_motionblur\dxut_motionblur\dynamicshaderlinkagefx11\debug\dynamics.d3d11101.tlog\fxc.read.1.tlog
c:\users\cg_lab\desktop\data\2019_motionblur\dxut_motionblur\dynamicshaderlinkagefx11\debug\dynamics.d3d11101.tlog\link.command.1.tlog
c:\users\cg_lab\desktop\data\2019_motionblur\dxut_motionblur\dynamicshaderlinkagefx11\debug\dynamics.d3d11101.tlog\link.read.1.tlog
c:\users\cg_lab\desktop\data\2019_motionblur\dxut_motionblur\dynamicshaderlinkagefx11\debug\dynamics.d3d11101.tlog\link.write.1.tlog
c:\users\cg_lab\desktop\data\2019_motionblur\dxut_motionblur\dynamicshaderlinkagefx11\debug\dynamics.d3d11101.tlog\rc.command.1.tlog
c:\users\cg_lab\desktop\data\2019_motionblur\dxut_motionblur\dynamicshaderlinkagefx11\debug\dynamics.d3d11101.tlog\rc.read.1.tlog
c:\users\cg_lab\desktop\data\2019_motionblur\dxut_motionblur\dynamicshaderlinkagefx11\debug\dynamics.d3d11101.tlog\rc.write.1.tlog
