  DynamicShaderLinkageFX11.cpp
C:\Users\CG_LAB\Desktop\Data\DirectX11\depthpeeling_motionblur\DynamicShaderLinkageFX11 obj mtl reader(2)\Include\assimp\defs.h(1,1): warning C4819: 현재 코드 페이지(949)에서 표시할 수 없는 문자가 파일에 들어 있습니다. 데이터가 손실되지 않게 하려면 해당 파일을 유니코드 형식으로 저장하십시오.
C:\Users\CG_LAB\Desktop\Data\DirectX11\depthpeeling_motionblur\DynamicShaderLinkageFX11 obj mtl reader(2)\Include\assimp\matrix3x3.h(1,1): warning C4819: 현재 코드 페이지(949)에서 표시할 수 없는 문자가 파일에 들어 있습니다. 데이터가 손실되지 않게 하려면 해당 파일을 유니코드 형식으로 저장하십시오.
C:\Users\CG_LAB\Desktop\Data\DirectX11\depthpeeling_motionblur\DynamicShaderLinkageFX11 obj mtl reader(2)\Include\assimp\matrix4x4.h(1,1): warning C4819: 현재 코드 페이지(949)에서 표시할 수 없는 문자가 파일에 들어 있습니다. 데이터가 손실되지 않게 하려면 해당 파일을 유니코드 형식으로 저장하십시오.
C:\Users\CG_LAB\Desktop\Data\DirectX11\depthpeeling_motionblur\DynamicShaderLinkageFX11 obj mtl reader(2)\Include\assimp\matrix3x3.inl(1,1): warning C4819: 현재 코드 페이지(949)에서 표시할 수 없는 문자가 파일에 들어 있습니다. 데이터가 손실되지 않게 하려면 해당 파일을 유니코드 형식으로 저장하십시오.
C:\Users\CG_LAB\Desktop\Data\DirectX11\depthpeeling_motionblur\DynamicShaderLinkageFX11 obj mtl reader(2)\Graphics\IndexBuffer.h(33,62): warning C4458: 'indexCount' 선언은 클래스 멤버를 숨깁니다.
C:\Users\CG_LAB\Desktop\Data\DirectX11\depthpeeling_motionblur\DynamicShaderLinkageFX11 obj mtl reader(2)\Graphics\IndexBuffer.h(14,7): message : 'IndexBuffer::indexCount' 선언을 참조하십시오.
C:\Users\CG_LAB\Desktop\Data\DirectX11\depthpeeling_motionblur\DynamicShaderLinkageFX11 obj mtl reader(2)\DynamicShaderLinkageFX11.cpp(184,65): warning C4244: '인수': 'float'에서 'int'(으)로 변환하면서 데이터가 손실될 수 있습니다.
C:\Users\CG_LAB\Desktop\Data\DirectX11\depthpeeling_motionblur\DynamicShaderLinkageFX11 obj mtl reader(2)\DynamicShaderLinkageFX11.cpp(184,52): warning C4244: '인수': 'float'에서 'int'(으)로 변환하면서 데이터가 손실될 수 있습니다.
C:\Users\CG_LAB\Desktop\Data\DirectX11\depthpeeling_motionblur\DynamicShaderLinkageFX11 obj mtl reader(2)\DynamicShaderLinkageFX11.cpp(378,82): warning C4244: '인수': 'float'에서 'int'(으)로 변환하면서 데이터가 손실될 수 있습니다.
C:\Users\CG_LAB\Desktop\Data\DirectX11\depthpeeling_motionblur\DynamicShaderLinkageFX11 obj mtl reader(2)\DynamicShaderLinkageFX11.cpp(381,89): warning C4244: '인수': 'float'에서 'int'(으)로 변환하면서 데이터가 손실될 수 있습니다.
C:\Users\CG_LAB\Desktop\Data\DirectX11\depthpeeling_motionblur\DynamicShaderLinkageFX11 obj mtl reader(2)\DynamicShaderLinkageFX11.cpp(384,95): warning C4244: '인수': 'float'에서 'int'(으)로 변환하면서 데이터가 손실될 수 있습니다.
C:\Users\CG_LAB\Desktop\Data\DirectX11\depthpeeling_motionblur\DynamicShaderLinkageFX11 obj mtl reader(2)\DynamicShaderLinkageFX11.cpp(387,83): warning C4244: '인수': 'float'에서 'int'(으)로 변환하면서 데이터가 손실될 수 있습니다.
C:\Users\CG_LAB\Desktop\Data\DirectX11\depthpeeling_motionblur\DynamicShaderLinkageFX11 obj mtl reader(2)\DynamicShaderLinkageFX11.cpp(496,35): warning C4244: '인수': 'float'에서 'int'(으)로 변환하면서 데이터가 손실될 수 있습니다.
C:\Users\CG_LAB\Desktop\Data\DirectX11\depthpeeling_motionblur\DynamicShaderLinkageFX11 obj mtl reader(2)\DynamicShaderLinkageFX11.cpp(499,60): warning C4244: '인수': 'float'에서 'int'(으)로 변환하면서 데이터가 손실될 수 있습니다.
C:\Users\CG_LAB\Desktop\Data\DirectX11\depthpeeling_motionblur\DynamicShaderLinkageFX11 obj mtl reader(2)\DynamicShaderLinkageFX11.cpp(499,40): warning C4244: '인수': 'float'에서 'int'(으)로 변환하면서 데이터가 손실될 수 있습니다.
C:\Users\CG_LAB\Desktop\Data\DirectX11\depthpeeling_motionblur\DynamicShaderLinkageFX11 obj mtl reader(2)\DynamicShaderLinkageFX11.cpp(612,46): warning C4244: '인수': 'float'에서 'UINT'(으)로 변환하면서 데이터가 손실될 수 있습니다.
C:\Users\CG_LAB\Desktop\Data\DirectX11\depthpeeling_motionblur\DynamicShaderLinkageFX11 obj mtl reader(2)\DynamicShaderLinkageFX11.cpp(615,46): warning C4244: '인수': 'float'에서 'UINT'(으)로 변환하면서 데이터가 손실될 수 있습니다.
C:\Users\CG_LAB\Desktop\Data\DirectX11\depthpeeling_motionblur\DynamicShaderLinkageFX11 obj mtl reader(2)\DynamicShaderLinkageFX11.cpp(622,46): warning C4244: '인수': 'float'에서 'UINT'(으)로 변환하면서 데이터가 손실될 수 있습니다.
C:\Users\CG_LAB\Desktop\Data\DirectX11\depthpeeling_motionblur\DynamicShaderLinkageFX11 obj mtl reader(2)\DynamicShaderLinkageFX11.cpp(939,21): warning C4244: '=': 'float'에서 'UINT'(으)로 변환하면서 데이터가 손실될 수 있습니다.
C:\Users\CG_LAB\Desktop\Data\DirectX11\depthpeeling_motionblur\DynamicShaderLinkageFX11 obj mtl reader(2)\DynamicShaderLinkageFX11.cpp(940,22): warning C4244: '=': 'float'에서 'UINT'(으)로 변환하면서 데이터가 손실될 수 있습니다.
C:\Program Files (x86)\Microsoft Visual Studio\2019\Community\VC\Tools\MSVC\14.29.30133\include\memory(3382,1): warning C4316: 'RenderObject': 힙에 할당된 개체가 16에 맞추어져 있지 않을 수도 있습니다
C:\Users\CG_LAB\Desktop\Data\DirectX11\depthpeeling_motionblur\DynamicShaderLinkageFX11 obj mtl reader(2)\DynamicShaderLinkageFX11.cpp(317): message : 컴파일되는 함수 템플릿 인스턴스화 'std::unique_ptr<RenderObject,std::default_delete<RenderObject>> std::make_unique<RenderObject,,0>(void)'에 대한 참조를 확인하세요.
  DynamicShaderLinkageFX11_2019_Win10.vcxproj -> C:\Users\CG_LAB\Desktop\Data\DirectX11\depthpeeling_motionblur\DynamicShaderLinkageFX11 obj mtl reader(2)\Debug\DynamicShaderLinkageFX11.exe
