c:\users\cg_lab\desktop\motion blur\dynamicshaderlinkagefx11 obj mtl reader(2)\debug\vc142.pdb
c:\users\cg_lab\desktop\motion blur\dynamicshaderlinkagefx11 obj mtl reader(2)\debug\vc142.idb
c:\users\cg_lab\desktop\motion blur\dynamicshaderlinkagefx11 obj mtl reader(2)\debug\rendertexture.obj
c:\users\cg_lab\desktop\motion blur\dynamicshaderlinkagefx11 obj mtl reader(2)\debug\renderobject.obj
c:\users\cg_lab\desktop\motion blur\dynamicshaderlinkagefx11 obj mtl reader(2)\debug\mesh.obj
c:\users\cg_lab\desktop\motion blur\dynamicshaderlinkagefx11 obj mtl reader(2)\debug\stringhelper.obj
c:\users\cg_lab\desktop\motion blur\dynamicshaderlinkagefx11 obj mtl reader(2)\debug\texture.obj
c:\users\cg_lab\desktop\motion blur\dynamicshaderlinkagefx11 obj mtl reader(2)\debug\color.obj
c:\users\cg_lab\desktop\motion blur\dynamicshaderlinkagefx11 obj mtl reader(2)\debug\model.obj
c:\users\cg_lab\desktop\motion blur\dynamicshaderlinkagefx11 obj mtl reader(2)\debug\dynamicshaderlinkagefx11.pch
c:\users\cg_lab\desktop\motion blur\dynamicshaderlinkagefx11 obj mtl reader(2)\debug\dynamicshaderlinkagefx11.obj
c:\users\cg_lab\desktop\data\directx11\depthpeeling_motionblur\dynamicshaderlinkagefx11 obj mtl reader(2)\debug\vc142.pdb
c:\users\cg_lab\desktop\data\directx11\depthpeeling_motionblur\dynamicshaderlinkagefx11 obj mtl reader(2)\debug\vc142.idb
c:\users\cg_lab\desktop\data\directx11\depthpeeling_motionblur\dynamicshaderlinkagefx11 obj mtl reader(2)\debug\rendertexture.obj
c:\users\cg_lab\desktop\data\directx11\depthpeeling_motionblur\dynamicshaderlinkagefx11 obj mtl reader(2)\debug\renderobject.obj
c:\users\cg_lab\desktop\data\directx11\depthpeeling_motionblur\dynamicshaderlinkagefx11 obj mtl reader(2)\debug\mesh.obj
c:\users\cg_lab\desktop\data\directx11\depthpeeling_motionblur\dynamicshaderlinkagefx11 obj mtl reader(2)\debug\stringhelper.obj
c:\users\cg_lab\desktop\data\directx11\depthpeeling_motionblur\dynamicshaderlinkagefx11 obj mtl reader(2)\debug\texture.obj
c:\users\cg_lab\desktop\data\directx11\depthpeeling_motionblur\dynamicshaderlinkagefx11 obj mtl reader(2)\debug\color.obj
c:\users\cg_lab\desktop\data\directx11\depthpeeling_motionblur\dynamicshaderlinkagefx11 obj mtl reader(2)\debug\model.obj
c:\users\cg_lab\desktop\data\directx11\depthpeeling_motionblur\dynamicshaderlinkagefx11 obj mtl reader(2)\debug\dynamicshaderlinkagefx11.pch
c:\users\cg_lab\desktop\data\directx11\depthpeeling_motionblur\dynamicshaderlinkagefx11 obj mtl reader(2)\debug\dynamicshaderlinkagefx11.obj
c:\users\cg_lab\desktop\motion blur\dynamicshaderlinkagefx11 obj mtl reader(2)\debug\dynamicshaderlinkagefx11.exe
c:\users\cg_lab\desktop\motion blur\dynamicshaderlinkagefx11 obj mtl reader(2)\debug\dynamicshaderlinkagefx11.ilk
c:\users\cg_lab\desktop\motion blur\dynamicshaderlinkagefx11 obj mtl reader(2)\debug\dynamicshaderlinkagefx11.pdb
c:\users\cg_lab\desktop\data\directx11\depthpeeling_motionblur\dynamicshaderlinkagefx11 obj mtl reader(2)\debug\dynamicshaderlinkagefx11.exe
c:\users\cg_lab\desktop\data\directx11\depthpeeling_motionblur\dynamicshaderlinkagefx11 obj mtl reader(2)\debug\dynamicshaderlinkagefx11.ilk
c:\users\cg_lab\desktop\data\directx11\depthpeeling_motionblur\dynamicshaderlinkagefx11 obj mtl reader(2)\debug\dynamicshaderlinkagefx11.pdb
c:\users\cg_lab\desktop\motion blur\dynamicshaderlinkagefx11 obj mtl reader(2)\debug\dynamicshaderlinkagefx11.res
c:\users\cg_lab\desktop\data\directx11\depthpeeling_motionblur\dynamicshaderlinkagefx11 obj mtl reader(2)\debug\dynamicshaderlinkagefx11.res
c:\users\cg_lab\desktop\data\directx11\depthpeeling_motionblur\dynamicshaderlinkagefx11 obj mtl reader(2)\debug\dynamics.d3d11101.tlog\cl.command.1.tlog
c:\users\cg_lab\desktop\data\directx11\depthpeeling_motionblur\dynamicshaderlinkagefx11 obj mtl reader(2)\debug\dynamics.d3d11101.tlog\cl.read.1.tlog
c:\users\cg_lab\desktop\data\directx11\depthpeeling_motionblur\dynamicshaderlinkagefx11 obj mtl reader(2)\debug\dynamics.d3d11101.tlog\cl.write.1.tlog
c:\users\cg_lab\desktop\data\directx11\depthpeeling_motionblur\dynamicshaderlinkagefx11 obj mtl reader(2)\debug\dynamics.d3d11101.tlog\link.command.1.tlog
c:\users\cg_lab\desktop\data\directx11\depthpeeling_motionblur\dynamicshaderlinkagefx11 obj mtl reader(2)\debug\dynamics.d3d11101.tlog\link.read.1.tlog
c:\users\cg_lab\desktop\data\directx11\depthpeeling_motionblur\dynamicshaderlinkagefx11 obj mtl reader(2)\debug\dynamics.d3d11101.tlog\link.write.1.tlog
c:\users\cg_lab\desktop\data\directx11\depthpeeling_motionblur\dynamicshaderlinkagefx11 obj mtl reader(2)\debug\dynamics.d3d11101.tlog\rc.command.1.tlog
c:\users\cg_lab\desktop\data\directx11\depthpeeling_motionblur\dynamicshaderlinkagefx11 obj mtl reader(2)\debug\dynamics.d3d11101.tlog\rc.read.1.tlog
c:\users\cg_lab\desktop\data\directx11\depthpeeling_motionblur\dynamicshaderlinkagefx11 obj mtl reader(2)\debug\dynamics.d3d11101.tlog\rc.write.1.tlog
