c:\users\cglab\desktop\reference\debug\effects_in_dx11.pch
c:\users\cglab\desktop\reference\debug\vc120.pdb
c:\users\cglab\desktop\reference\debug\vc120.idb
c:\users\cglab\desktop\reference\debug\dxut.obj
c:\users\cglab\desktop\reference\debug\sdkmisc.obj
c:\users\cglab\desktop\reference\debug\sdkmesh.obj
c:\users\cglab\desktop\reference\debug\dxutsettingsdlg.obj
c:\users\cglab\desktop\reference\debug\dxutres.obj
c:\users\cglab\desktop\reference\debug\dxutgui.obj
c:\users\cglab\desktop\reference\debug\dxutcamera.obj
c:\users\cglab\desktop\reference\debug\dxutmisc.obj
c:\users\cglab\desktop\reference\debug\dxutdevice9.obj
c:\users\cglab\desktop\reference\debug\dxutdevice11.obj
c:\users\user\desktop\motion blur code\debug\dxut.obj
c:\users\user\desktop\motion blur code\debug\dxutcamera.obj
c:\users\user\desktop\motion blur code\debug\dxutdevice11.obj
c:\users\user\desktop\motion blur code\debug\dxutdevice9.obj
c:\users\user\desktop\motion blur code\debug\dxutgui.obj
c:\users\user\desktop\motion blur code\debug\dxutmisc.obj
c:\users\user\desktop\motion blur code\debug\dxutres.obj
c:\users\user\desktop\motion blur code\debug\dxutsettingsdlg.obj
c:\users\user\desktop\motion blur code\debug\sdkmesh.obj
c:\users\user\desktop\motion blur code\debug\sdkmisc.obj
c:\users\user\desktop\motion blur code\debug\effects_in_dx11.pch
c:\users\user\desktop\motion blur code\debug\vc120.idb
c:\users\user\desktop\motion blur code\debug\vc120.pdb
c:\users\user\desktop\motion blur code\debug\effects_in_dx11.tlog\cl.command.1.tlog
c:\users\user\desktop\motion blur code\debug\effects_in_dx11.tlog\cl.read.1.tlog
c:\users\user\desktop\motion blur code\debug\effects_in_dx11.tlog\cl.write.1.tlog
